This file contains any messages produced by compilers while
running configure, to aid debugging if configure makes a mistake.

It was created by configure, which was
generated by GNU Autoconf 2.61.  Invocation command line was

  $ ./configure 

## --------- ##
## Platform. ##
## --------- ##

hostname = usrp3
uname -m = x86_64
uname -r = 3.16.0-30-generic
uname -s = Linux
uname -v = #40~14.04.1-Ubuntu SMP Thu Jan 15 17:43:14 UTC 2015

/usr/bin/uname -p = unknown
/bin/uname -X     = unknown

/bin/arch              = unknown
/usr/bin/arch -k       = unknown
/usr/convex/getsysinfo = unknown
/usr/bin/hostinfo      = unknown
/bin/machine           = unknown
/usr/bin/oslevel       = unknown
/bin/universe          = unknown

PATH: /usr/local/sbin
PATH: /usr/local/bin
PATH: /usr/sbin
PATH: /usr/bin
PATH: /sbin
PATH: /bin


## ----------- ##
## Core tests. ##
## ----------- ##

configure:1922: checking build system type
configure:1940: result: x86_64-unknown-linux-gnu
configure:1962: checking host system type
configure:1977: result: x86_64-unknown-linux-gnu
configure:2048: checking for gcc
configure:2064: found /usr/bin/gcc
configure:2075: result: gcc
configure:2313: checking for C compiler version
configure:2320: gcc --version >&5
gcc (Ubuntu 4.8.4-2ubuntu1~14.04) 4.8.4
Copyright (C) 2013 Free Software Foundation, Inc.
This is free software; see the source for copying conditions.  There is NO
warranty; not even for MERCHANTABILITY or FITNESS FOR A PARTICULAR PURPOSE.

configure:2323: $? = 0
configure:2330: gcc -v >&5
Using built-in specs.
COLLECT_GCC=gcc
COLLECT_LTO_WRAPPER=/usr/lib/gcc/x86_64-linux-gnu/4.8/lto-wrapper
Target: x86_64-linux-gnu
Configured with: ../src/configure -v --with-pkgversion='Ubuntu 4.8.4-2ubuntu1~14.04' --with-bugurl=file:///usr/share/doc/gcc-4.8/README.Bugs --enable-languages=c,c++,java,go,d,fortran,objc,obj-c++ --prefix=/usr --program-suffix=-4.8 --enable-shared --enable-linker-build-id --libexecdir=/usr/lib --without-included-gettext --enable-threads=posix --with-gxx-include-dir=/usr/include/c++/4.8 --libdir=/usr/lib --enable-nls --with-sysroot=/ --enable-clocale=gnu --enable-libstdcxx-debug --enable-libstdcxx-time=yes --enable-gnu-unique-object --disable-libmudflap --enable-plugin --with-system-zlib --disable-browser-plugin --enable-java-awt=gtk --enable-gtk-cairo --with-java-home=/usr/lib/jvm/java-1.5.0-gcj-4.8-amd64/jre --enable-java-home --with-jvm-root-dir=/usr/lib/jvm/java-1.5.0-gcj-4.8-amd64 --with-jvm-jar-dir=/usr/lib/jvm-exports/java-1.5.0-gcj-4.8-amd64 --with-arch-directory=amd64 --with-ecj-jar=/usr/share/java/eclipse-ecj.jar --enable-objc-gc --enable-multiarch --disable-werror --with-arch-32=i686 --with-abi=m64 --with-multilib-list=m32,m64,mx32 --with-tune=generic --enable-checking=release --build=x86_64-linux-gnu --host=x86_64-linux-gnu --target=x86_64-linux-gnu
Thread model: posix
gcc version 4.8.4 (Ubuntu 4.8.4-2ubuntu1~14.04) 
configure:2333: $? = 0
configure:2340: gcc -V >&5
gcc: error: unrecognized command line option '-V'
gcc: fatal error: no input files
compilation terminated.
configure:2343: $? = 4
configure:2366: checking for C compiler default output file name
configure:2393: gcc    conftest.c  >&5
configure:2396: $? = 0
configure:2434: result: a.out
configure:2451: checking whether the C compiler works
configure:2461: ./a.out
configure:2464: $? = 0
configure:2481: result: yes
configure:2488: checking whether we are cross compiling
configure:2490: result: no
configure:2493: checking for suffix of executables
configure:2500: gcc -o conftest    conftest.c  >&5
configure:2503: $? = 0
configure:2527: result: 
configure:2533: checking for suffix of object files
configure:2559: gcc -c   conftest.c >&5
configure:2562: $? = 0
configure:2585: result: o
configure:2589: checking whether we are using the GNU C compiler
configure:2618: gcc -c   conftest.c >&5
configure:2624: $? = 0
configure:2641: result: yes
configure:2646: checking whether gcc accepts -g
configure:2676: gcc -c -g  conftest.c >&5
configure:2682: $? = 0
configure:2781: result: yes
configure:2798: checking for gcc option to accept ISO C89
configure:2872: gcc  -c -g -O2  conftest.c >&5
configure:2878: $? = 0
configure:2901: result: none needed
configure:2991: checking for a sed that does not truncate output
configure:3047: result: /bin/sed
configure:3050: checking for grep that handles long lines and -e
configure:3124: result: /bin/grep
configure:3129: checking for egrep
configure:3207: result: /bin/grep -E
configure:3223: checking for ld used by gcc
configure:3290: result: /usr/bin/ld
configure:3299: checking if the linker (/usr/bin/ld) is GNU ld
configure:3314: result: yes
configure:3319: checking for /usr/bin/ld option to reload object files
configure:3326: result: -r
configure:3344: checking for BSD-compatible nm
configure:3393: result: /usr/bin/nm -B
configure:3397: checking whether ln -s works
configure:3401: result: yes
configure:3408: checking how to recognize dependent libraries
configure:3594: result: pass_all
configure:3683: gcc -c -g -O2  conftest.c >&5
configure:3686: $? = 0
configure:3839: checking how to run the C preprocessor
configure:3879: gcc -E  conftest.c
configure:3885: $? = 0
configure:3916: gcc -E  conftest.c
conftest.c:8:28: fatal error: ac_nonexistent.h: No such file or directory
 #include <ac_nonexistent.h>
                            ^
compilation terminated.
configure:3922: $? = 1
configure: failed program was:
| /* confdefs.h.  */
| #define PACKAGE_NAME ""
| #define PACKAGE_TARNAME ""
| #define PACKAGE_VERSION ""
| #define PACKAGE_STRING ""
| #define PACKAGE_BUGREPORT ""
| /* end confdefs.h.  */
| #include <ac_nonexistent.h>
configure:3955: result: gcc -E
configure:3984: gcc -E  conftest.c
configure:3990: $? = 0
configure:4021: gcc -E  conftest.c
conftest.c:8:28: fatal error: ac_nonexistent.h: No such file or directory
 #include <ac_nonexistent.h>
                            ^
compilation terminated.
configure:4027: $? = 1
configure: failed program was:
| /* confdefs.h.  */
| #define PACKAGE_NAME ""
| #define PACKAGE_TARNAME ""
| #define PACKAGE_VERSION ""
| #define PACKAGE_STRING ""
| #define PACKAGE_BUGREPORT ""
| /* end confdefs.h.  */
| #include <ac_nonexistent.h>
configure:4065: checking for ANSI C header files
configure:4095: gcc -c -g -O2  conftest.c >&5
configure:4101: $? = 0
configure:4200: gcc -o conftest -g -O2   conftest.c  >&5
configure:4203: $? = 0
configure:4209: ./conftest
configure:4212: $? = 0
configure:4229: result: yes
configure:4253: checking for sys/types.h
configure:4274: gcc -c -g -O2  conftest.c >&5
configure:4280: $? = 0
configure:4296: result: yes
configure:4253: checking for sys/stat.h
configure:4274: gcc -c -g -O2  conftest.c >&5
configure:4280: $? = 0
configure:4296: result: yes
configure:4253: checking for stdlib.h
configure:4274: gcc -c -g -O2  conftest.c >&5
configure:4280: $? = 0
configure:4296: result: yes
configure:4253: checking for string.h
configure:4274: gcc -c -g -O2  conftest.c >&5
configure:4280: $? = 0
configure:4296: result: yes
configure:4253: checking for memory.h
configure:4274: gcc -c -g -O2  conftest.c >&5
configure:4280: $? = 0
configure:4296: result: yes
configure:4253: checking for strings.h
configure:4274: gcc -c -g -O2  conftest.c >&5
configure:4280: $? = 0
configure:4296: result: yes
configure:4253: checking for inttypes.h
configure:4274: gcc -c -g -O2  conftest.c >&5
configure:4280: $? = 0
configure:4296: result: yes
configure:4253: checking for stdint.h
configure:4274: gcc -c -g -O2  conftest.c >&5
configure:4280: $? = 0
configure:4296: result: yes
configure:4253: checking for unistd.h
configure:4274: gcc -c -g -O2  conftest.c >&5
configure:4280: $? = 0
configure:4296: result: yes
configure:4323: checking dlfcn.h usability
configure:4340: gcc -c -g -O2  conftest.c >&5
configure:4346: $? = 0
configure:4360: result: yes
configure:4364: checking dlfcn.h presence
configure:4379: gcc -E  conftest.c
configure:4385: $? = 0
configure:4399: result: yes
configure:4427: checking for dlfcn.h
configure:4435: result: yes
configure:4506: checking for g++
configure:4536: result: no
configure:4506: checking for c++
configure:4536: result: no
configure:4506: checking for gpp
configure:4536: result: no
configure:4506: checking for aCC
configure:4536: result: no
configure:4506: checking for CC
configure:4536: result: no
configure:4506: checking for cxx
configure:4536: result: no
configure:4506: checking for cc++
configure:4536: result: no
configure:4506: checking for cl.exe
configure:4536: result: no
configure:4506: checking for FCC
configure:4536: result: no
configure:4506: checking for KCC
configure:4536: result: no
configure:4506: checking for RCC
configure:4536: result: no
configure:4506: checking for xlC_r
configure:4536: result: no
configure:4506: checking for xlC
configure:4536: result: no
configure:4564: checking for C++ compiler version
configure:4571: g++ --version >&5
./configure: line 4572: g++: command not found
configure:4574: $? = 127
configure:4581: g++ -v >&5
./configure: line 4582: g++: command not found
configure:4584: $? = 127
configure:4591: g++ -V >&5
./configure: line 4592: g++: command not found
configure:4594: $? = 127
configure:4597: checking whether we are using the GNU C++ compiler
configure:4626: g++ -c   conftest.cpp >&5
./configure: line 4627: g++: command not found
configure:4632: $? = 127
configure: failed program was:
| /* confdefs.h.  */
| #define PACKAGE_NAME ""
| #define PACKAGE_TARNAME ""
| #define PACKAGE_VERSION ""
| #define PACKAGE_STRING ""
| #define PACKAGE_BUGREPORT ""
| #define STDC_HEADERS 1
| #define HAVE_SYS_TYPES_H 1
| #define HAVE_SYS_STAT_H 1
| #define HAVE_STDLIB_H 1
| #define HAVE_STRING_H 1
| #define HAVE_MEMORY_H 1
| #define HAVE_STRINGS_H 1
| #define HAVE_INTTYPES_H 1
| #define HAVE_STDINT_H 1
| #define HAVE_UNISTD_H 1
| #define HAVE_DLFCN_H 1
| /* end confdefs.h.  */
| 
| int
| main ()
| {
| #ifndef __GNUC__
|        choke me
| #endif
| 
|   ;
|   return 0;
| }
configure:4649: result: no
configure:4654: checking whether g++ accepts -g
configure:4684: g++ -c -g  conftest.cpp >&5
./configure: line 4685: g++: command not found
configure:4690: $? = 127
configure: failed program was:
| /* confdefs.h.  */
| #define PACKAGE_NAME ""
| #define PACKAGE_TARNAME ""
| #define PACKAGE_VERSION ""
| #define PACKAGE_STRING ""
| #define PACKAGE_BUGREPORT ""
| #define STDC_HEADERS 1
| #define HAVE_SYS_TYPES_H 1
| #define HAVE_SYS_STAT_H 1
| #define HAVE_STDLIB_H 1
| #define HAVE_STRING_H 1
| #define HAVE_MEMORY_H 1
| #define HAVE_STRINGS_H 1
| #define HAVE_INTTYPES_H 1
| #define HAVE_STDINT_H 1
| #define HAVE_UNISTD_H 1
| #define HAVE_DLFCN_H 1
| /* end confdefs.h.  */
| 
| int
| main ()
| {
| 
|   ;
|   return 0;
| }
configure:4722: g++ -c   conftest.cpp >&5
./configure: line 4723: g++: command not found
configure:4728: $? = 127
configure: failed program was:
| /* confdefs.h.  */
| #define PACKAGE_NAME ""
| #define PACKAGE_TARNAME ""
| #define PACKAGE_VERSION ""
| #define PACKAGE_STRING ""
| #define PACKAGE_BUGREPORT ""
| #define STDC_HEADERS 1
| #define HAVE_SYS_TYPES_H 1
| #define HAVE_SYS_STAT_H 1
| #define HAVE_STDLIB_H 1
| #define HAVE_STRING_H 1
| #define HAVE_MEMORY_H 1
| #define HAVE_STRINGS_H 1
| #define HAVE_INTTYPES_H 1
| #define HAVE_STDINT_H 1
| #define HAVE_UNISTD_H 1
| #define HAVE_DLFCN_H 1
| /* end confdefs.h.  */
| 
| int
| main ()
| {
| 
|   ;
|   return 0;
| }
configure:4761: g++ -c -g  conftest.cpp >&5
./configure: line 4762: g++: command not found
configure:4767: $? = 127
configure: failed program was:
| /* confdefs.h.  */
| #define PACKAGE_NAME ""
| #define PACKAGE_TARNAME ""
| #define PACKAGE_VERSION ""
| #define PACKAGE_STRING ""
| #define PACKAGE_BUGREPORT ""
| #define STDC_HEADERS 1
| #define HAVE_SYS_TYPES_H 1
| #define HAVE_SYS_STAT_H 1
| #define HAVE_STDLIB_H 1
| #define HAVE_STRING_H 1
| #define HAVE_MEMORY_H 1
| #define HAVE_STRINGS_H 1
| #define HAVE_INTTYPES_H 1
| #define HAVE_STDINT_H 1
| #define HAVE_UNISTD_H 1
| #define HAVE_DLFCN_H 1
| /* end confdefs.h.  */
| 
| int
| main ()
| {
| 
|   ;
|   return 0;
| }
configure:4789: result: no
configure:5099: checking for g77
configure:5129: result: no
configure:5099: checking for xlf
configure:5129: result: no
configure:5099: checking for f77
configure:5129: result: no
configure:5099: checking for frt
configure:5129: result: no
configure:5099: checking for pgf77
configure:5129: result: no
configure:5099: checking for cf77
configure:5129: result: no
configure:5099: checking for fort77
configure:5129: result: no
configure:5099: checking for fl32
configure:5129: result: no
configure:5099: checking for af77
configure:5129: result: no
configure:5099: checking for xlf90
configure:5129: result: no
configure:5099: checking for f90
configure:5129: result: no
configure:5099: checking for pgf90
configure:5129: result: no
configure:5099: checking for pghpf
configure:5129: result: no
configure:5099: checking for epcf90
configure:5129: result: no
configure:5099: checking for gfortran
configure:5129: result: no
configure:5099: checking for g95
configure:5129: result: no
configure:5099: checking for xlf95
configure:5129: result: no
configure:5099: checking for f95
configure:5129: result: no
configure:5099: checking for fort
configure:5129: result: no
configure:5099: checking for ifort
configure:5129: result: no
configure:5099: checking for ifc
configure:5129: result: no
configure:5099: checking for efc
configure:5129: result: no
configure:5099: checking for pgf95
configure:5129: result: no
configure:5099: checking for lf95
configure:5129: result: no
configure:5099: checking for ftn
configure:5129: result: no
configure:5156: checking for Fortran 77 compiler version
configure:5163:  --version >&5
./configure: line 5164: --version: command not found
configure:5166: $? = 127
configure:5173:  -v >&5
./configure: line 5174: -v: command not found
configure:5176: $? = 127
configure:5183:  -V >&5
./configure: line 5184: -V: command not found
configure:5186: $? = 127
configure:5194: checking whether we are using the GNU Fortran 77 compiler
configure:5213:  -c  conftest.F >&5
./configure: line 5214: -c: command not found
configure:5219: $? = 127
configure: failed program was:
|       program main
| #ifndef __GNUC__
|        choke me
| #endif
| 
|       end
configure:5236: result: no
configure:5242: checking whether  accepts -g
configure:5259:  -c -g conftest.f >&5
./configure: line 5260: -c: command not found
configure:5265: $? = 127
configure: failed program was:
|       program main
| 
|       end
configure:5281: result: no
configure:5310: checking the maximum length of command line arguments
configure:5422: result: 1572864
configure:5434: checking command to parse /usr/bin/nm -B output from gcc object
configure:5539: gcc -c -g -O2  conftest.c >&5
configure:5542: $? = 0
configure:5546: /usr/bin/nm -B conftest.o \| sed -n -e 's/^.*[ 	]\([ABCDGIRSTW][ABCDGIRSTW]*\)[ 	][ 	]*\([_A-Za-z][_A-Za-z0-9]*\)$/\1 \2 \2/p' \> conftest.nm
configure:5549: $? = 0
configure:5601: gcc -o conftest -g -O2   conftest.c conftstm.o >&5
configure:5604: $? = 0
configure:5642: result: ok
configure:5646: checking for objdir
configure:5661: result: .libs
configure:5753: checking for ar
configure:5769: found /usr/bin/ar
configure:5780: result: ar
configure:5849: checking for ranlib
configure:5865: found /usr/bin/ranlib
configure:5876: result: ranlib
configure:5945: checking for strip
configure:5961: found /usr/bin/strip
configure:5972: result: strip
configure:6521: checking for correct ltmain.sh version
configure:6571: result: yes
configure:6631: checking if gcc supports -fno-rtti -fno-exceptions
configure:6649: gcc -c -g -O2  -fno-rtti -fno-exceptions conftest.c >&5
cc1: warning: command line option '-fno-rtti' is valid for C++/ObjC++ but not for C [enabled by default]
configure:6653: $? = 0
configure:6666: result: no
configure:6681: checking for gcc option to produce PIC
configure:6913: result: -fPIC
configure:6921: checking if gcc PIC flag -fPIC works
configure:6939: gcc -c -g -O2  -fPIC -DPIC conftest.c >&5
configure:6943: $? = 0
configure:6956: result: yes
configure:6984: checking if gcc static flag -static works
configure:7012: result: yes
configure:7022: checking if gcc supports -c -o file.o
configure:7043: gcc -c -g -O2  -o out/conftest2.o conftest.c >&5
configure:7047: $? = 0
configure:7069: result: yes
configure:7095: checking whether the gcc linker (/usr/bin/ld -m elf_x86_64) supports shared libraries
configure:8075: result: yes
configure:8096: checking whether -lc should be explicitly linked in
configure:8101: gcc -c -g -O2  conftest.c >&5
configure:8104: $? = 0
configure:8119: gcc -shared conftest.o  -v -Wl,-soname -Wl,conftest -o conftest 2\>\&1 \| grep  -lc  \>/dev/null 2\>\&1
configure:8122: $? = 0
configure:8134: result: no
configure:8142: checking dynamic linker characteristics
configure:8757: result: GNU/Linux ld.so
configure:8781: checking how to hardcode library paths into programs
configure:8806: result: immediate
configure:8820: checking whether stripping libraries is possible
configure:8825: result: yes
configure:9627: checking if libtool supports shared libraries
configure:9629: result: yes
configure:9632: checking whether to build shared libraries
configure:9653: result: yes
configure:9656: checking whether to build static libraries
configure:9660: result: yes
configure:9754: creating libtool
configure:19034: checking for platform-specific compiler flags
configure:19127: result: none needed
configure:19174: checking whether byte ordering is bigendian
configure:19207: gcc -c -g -O2  conftest.c >&5
configure:19213: $? = 0
configure:19245: gcc -c -g -O2  conftest.c >&5
conftest.c: In function 'main':
conftest.c:27:2: error: unknown type name 'not'
  not big endian
  ^
conftest.c:27:10: error: expected '=', ',', ';', 'asm' or '__attribute__' before 'endian'
  not big endian
          ^
configure:19251: $? = 1
configure: failed program was:
| /* confdefs.h.  */
| #define PACKAGE_NAME ""
| #define PACKAGE_TARNAME ""
| #define PACKAGE_VERSION ""
| #define PACKAGE_STRING ""
| #define PACKAGE_BUGREPORT ""
| #define STDC_HEADERS 1
| #define HAVE_SYS_TYPES_H 1
| #define HAVE_SYS_STAT_H 1
| #define HAVE_STDLIB_H 1
| #define HAVE_STRING_H 1
| #define HAVE_MEMORY_H 1
| #define HAVE_STRINGS_H 1
| #define HAVE_INTTYPES_H 1
| #define HAVE_STDINT_H 1
| #define HAVE_UNISTD_H 1
| #define HAVE_DLFCN_H 1
| #define SYS_LINUX 1
| /* end confdefs.h.  */
| #include <sys/types.h>
| #include <sys/param.h>
| 
| int
| main ()
| {
| #if BYTE_ORDER != BIG_ENDIAN
|  not big endian
| #endif
| 
|   ;
|   return 0;
| }
configure:19391: result: no
configure:19412: checking for ANSI C header files
configure:19576: result: yes
configure:19586: checking for sys/wait.h that is POSIX.1 compatible
configure:19622: gcc -c -g -O2  conftest.c >&5
configure:19628: $? = 0
configure:19643: result: yes
configure:19674: checking fcntl.h usability
configure:19691: gcc -c -g -O2  conftest.c >&5
configure:19697: $? = 0
configure:19711: result: yes
configure:19715: checking fcntl.h presence
configure:19730: gcc -E  conftest.c
configure:19736: $? = 0
configure:19750: result: yes
configure:19778: checking for fcntl.h
configure:19786: result: yes
configure:19674: checking sys/ioctl.h usability
configure:19691: gcc -c -g -O2  conftest.c >&5
configure:19697: $? = 0
configure:19711: result: yes
configure:19715: checking sys/ioctl.h presence
configure:19730: gcc -E  conftest.c
configure:19736: $? = 0
configure:19750: result: yes
configure:19778: checking for sys/ioctl.h
configure:19786: result: yes
configure:19674: checking sys/time.h usability
configure:19691: gcc -c -g -O2  conftest.c >&5
configure:19697: $? = 0
configure:19711: result: yes
configure:19715: checking sys/time.h presence
configure:19730: gcc -E  conftest.c
configure:19736: $? = 0
configure:19750: result: yes
configure:19778: checking for sys/time.h
configure:19786: result: yes
configure:19664: checking for unistd.h
configure:19670: result: yes
configure:19674: checking net/if_arp.h usability
configure:19691: gcc -c -g -O2  conftest.c >&5
configure:19697: $? = 0
configure:19711: result: yes
configure:19715: checking net/if_arp.h presence
configure:19730: gcc -E  conftest.c
configure:19736: $? = 0
configure:19750: result: yes
configure:19778: checking for net/if_arp.h
configure:19786: result: yes
configure:19674: checking sys/socket.h usability
configure:19691: gcc -c -g -O2  conftest.c >&5
configure:19697: $? = 0
configure:19711: result: yes
configure:19715: checking sys/socket.h presence
configure:19730: gcc -E  conftest.c
configure:19736: $? = 0
configure:19750: result: yes
configure:19778: checking for sys/socket.h
configure:19786: result: yes
configure:19801: checking that linux/wireless.h is what we expect
configure:19836: gcc -o conftest -g -O2   conftest.c  >&5
configure:19842: $? = 0
configure:19849: result: yes
configure:20370: checking asm/types.h usability
configure:20387: gcc -c -g -O2  conftest.c >&5
configure:20393: $? = 0
configure:20407: result: yes
configure:20411: checking asm/types.h presence
configure:20426: gcc -E  conftest.c
configure:20432: $? = 0
configure:20446: result: yes
configure:20474: checking for asm/types.h
configure:20482: result: yes
configure:20370: checking netlink/genl/genl.h usability
configure:20387: gcc -c -g -O2  conftest.c >&5
conftest.c:64:31: fatal error: netlink/genl/genl.h: No such file or directory
 #include <netlink/genl/genl.h>
                               ^
compilation terminated.
configure:20393: $? = 1
configure: failed program was:
| /* confdefs.h.  */
| #define PACKAGE_NAME ""
| #define PACKAGE_TARNAME ""
| #define PACKAGE_VERSION ""
| #define PACKAGE_STRING ""
| #define PACKAGE_BUGREPORT ""
| #define STDC_HEADERS 1
| #define HAVE_SYS_TYPES_H 1
| #define HAVE_SYS_STAT_H 1
| #define HAVE_STDLIB_H 1
| #define HAVE_STRING_H 1
| #define HAVE_MEMORY_H 1
| #define HAVE_STRINGS_H 1
| #define HAVE_INTTYPES_H 1
| #define HAVE_STDINT_H 1
| #define HAVE_UNISTD_H 1
| #define HAVE_DLFCN_H 1
| #define SYS_LINUX 1
| #define STDC_HEADERS 1
| #define HAVE_SYS_WAIT_H 1
| #define HAVE_FCNTL_H 1
| #define HAVE_SYS_IOCTL_H 1
| #define HAVE_SYS_TIME_H 1
| #define HAVE_UNISTD_H 1
| #define HAVE_NET_IF_ARP_H 1
| #define HAVE_SYS_SOCKET_H 1
| #define HAVE_LINUX_WIRELESS 1
| #define HAVE_ASM_TYPES_H 1
| #define HAVE_NETLINKHEADERS 1
| /* end confdefs.h.  */
| #include <stdio.h>
| #ifdef HAVE_SYS_TYPES_H
| # include <sys/types.h>
| #endif
| #ifdef HAVE_SYS_STAT_H
| # include <sys/stat.h>
| #endif
| #ifdef STDC_HEADERS
| # include <stdlib.h>
| # include <stddef.h>
| #else
| # ifdef HAVE_STDLIB_H
| #  include <stdlib.h>
| # endif
| #endif
| #ifdef HAVE_STRING_H
| # if !defined STDC_HEADERS && defined HAVE_MEMORY_H
| #  include <memory.h>
| # endif
| # include <string.h>
| #endif
| #ifdef HAVE_STRINGS_H
| # include <strings.h>
| #endif
| #ifdef HAVE_INTTYPES_H
| # include <inttypes.h>
| #endif
| #ifdef HAVE_STDINT_H
| # include <stdint.h>
| #endif
| #ifdef HAVE_UNISTD_H
| # include <unistd.h>
| #endif
| #include <netlink/genl/genl.h>
configure:20407: result: no
configure:20411: checking netlink/genl/genl.h presence
configure:20426: gcc -E  conftest.c
conftest.c:31:31: fatal error: netlink/genl/genl.h: No such file or directory
 #include <netlink/genl/genl.h>
                               ^
compilation terminated.
configure:20432: $? = 1
configure: failed program was:
| /* confdefs.h.  */
| #define PACKAGE_NAME ""
| #define PACKAGE_TARNAME ""
| #define PACKAGE_VERSION ""
| #define PACKAGE_STRING ""
| #define PACKAGE_BUGREPORT ""
| #define STDC_HEADERS 1
| #define HAVE_SYS_TYPES_H 1
| #define HAVE_SYS_STAT_H 1
| #define HAVE_STDLIB_H 1
| #define HAVE_STRING_H 1
| #define HAVE_MEMORY_H 1
| #define HAVE_STRINGS_H 1
| #define HAVE_INTTYPES_H 1
| #define HAVE_STDINT_H 1
| #define HAVE_UNISTD_H 1
| #define HAVE_DLFCN_H 1
| #define SYS_LINUX 1
| #define STDC_HEADERS 1
| #define HAVE_SYS_WAIT_H 1
| #define HAVE_FCNTL_H 1
| #define HAVE_SYS_IOCTL_H 1
| #define HAVE_SYS_TIME_H 1
| #define HAVE_UNISTD_H 1
| #define HAVE_NET_IF_ARP_H 1
| #define HAVE_SYS_SOCKET_H 1
| #define HAVE_LINUX_WIRELESS 1
| #define HAVE_ASM_TYPES_H 1
| #define HAVE_NETLINKHEADERS 1
| /* end confdefs.h.  */
| #include <netlink/genl/genl.h>
configure:20446: result: no
configure:20474: checking for netlink/genl/genl.h
configure:20482: result: no
configure:20370: checking netlink/genl/family.h usability
configure:20387: gcc -c -g -O2  conftest.c >&5
conftest.c:64:33: fatal error: netlink/genl/family.h: No such file or directory
 #include <netlink/genl/family.h>
                                 ^
compilation terminated.
configure:20393: $? = 1
configure: failed program was:
| /* confdefs.h.  */
| #define PACKAGE_NAME ""
| #define PACKAGE_TARNAME ""
| #define PACKAGE_VERSION ""
| #define PACKAGE_STRING ""
| #define PACKAGE_BUGREPORT ""
| #define STDC_HEADERS 1
| #define HAVE_SYS_TYPES_H 1
| #define HAVE_SYS_STAT_H 1
| #define HAVE_STDLIB_H 1
| #define HAVE_STRING_H 1
| #define HAVE_MEMORY_H 1
| #define HAVE_STRINGS_H 1
| #define HAVE_INTTYPES_H 1
| #define HAVE_STDINT_H 1
| #define HAVE_UNISTD_H 1
| #define HAVE_DLFCN_H 1
| #define SYS_LINUX 1
| #define STDC_HEADERS 1
| #define HAVE_SYS_WAIT_H 1
| #define HAVE_FCNTL_H 1
| #define HAVE_SYS_IOCTL_H 1
| #define HAVE_SYS_TIME_H 1
| #define HAVE_UNISTD_H 1
| #define HAVE_NET_IF_ARP_H 1
| #define HAVE_SYS_SOCKET_H 1
| #define HAVE_LINUX_WIRELESS 1
| #define HAVE_ASM_TYPES_H 1
| #define HAVE_NETLINKHEADERS 1
| /* end confdefs.h.  */
| #include <stdio.h>
| #ifdef HAVE_SYS_TYPES_H
| # include <sys/types.h>
| #endif
| #ifdef HAVE_SYS_STAT_H
| # include <sys/stat.h>
| #endif
| #ifdef STDC_HEADERS
| # include <stdlib.h>
| # include <stddef.h>
| #else
| # ifdef HAVE_STDLIB_H
| #  include <stdlib.h>
| # endif
| #endif
| #ifdef HAVE_STRING_H
| # if !defined STDC_HEADERS && defined HAVE_MEMORY_H
| #  include <memory.h>
| # endif
| # include <string.h>
| #endif
| #ifdef HAVE_STRINGS_H
| # include <strings.h>
| #endif
| #ifdef HAVE_INTTYPES_H
| # include <inttypes.h>
| #endif
| #ifdef HAVE_STDINT_H
| # include <stdint.h>
| #endif
| #ifdef HAVE_UNISTD_H
| # include <unistd.h>
| #endif
| #include <netlink/genl/family.h>
configure:20407: result: no
configure:20411: checking netlink/genl/family.h presence
configure:20426: gcc -E  conftest.c
conftest.c:31:33: fatal error: netlink/genl/family.h: No such file or directory
 #include <netlink/genl/family.h>
                                 ^
compilation terminated.
configure:20432: $? = 1
configure: failed program was:
| /* confdefs.h.  */
| #define PACKAGE_NAME ""
| #define PACKAGE_TARNAME ""
| #define PACKAGE_VERSION ""
| #define PACKAGE_STRING ""
| #define PACKAGE_BUGREPORT ""
| #define STDC_HEADERS 1
| #define HAVE_SYS_TYPES_H 1
| #define HAVE_SYS_STAT_H 1
| #define HAVE_STDLIB_H 1
| #define HAVE_STRING_H 1
| #define HAVE_MEMORY_H 1
| #define HAVE_STRINGS_H 1
| #define HAVE_INTTYPES_H 1
| #define HAVE_STDINT_H 1
| #define HAVE_UNISTD_H 1
| #define HAVE_DLFCN_H 1
| #define SYS_LINUX 1
| #define STDC_HEADERS 1
| #define HAVE_SYS_WAIT_H 1
| #define HAVE_FCNTL_H 1
| #define HAVE_SYS_IOCTL_H 1
| #define HAVE_SYS_TIME_H 1
| #define HAVE_UNISTD_H 1
| #define HAVE_NET_IF_ARP_H 1
| #define HAVE_SYS_SOCKET_H 1
| #define HAVE_LINUX_WIRELESS 1
| #define HAVE_ASM_TYPES_H 1
| #define HAVE_NETLINKHEADERS 1
| /* end confdefs.h.  */
| #include <netlink/genl/family.h>
configure:20446: result: no
configure:20474: checking for netlink/genl/family.h
configure:20482: result: no
configure:20370: checking netlink/genl/ctrl.h usability
configure:20387: gcc -c -g -O2  conftest.c >&5
conftest.c:64:31: fatal error: netlink/genl/ctrl.h: No such file or directory
 #include <netlink/genl/ctrl.h>
                               ^
compilation terminated.
configure:20393: $? = 1
configure: failed program was:
| /* confdefs.h.  */
| #define PACKAGE_NAME ""
| #define PACKAGE_TARNAME ""
| #define PACKAGE_VERSION ""
| #define PACKAGE_STRING ""
| #define PACKAGE_BUGREPORT ""
| #define STDC_HEADERS 1
| #define HAVE_SYS_TYPES_H 1
| #define HAVE_SYS_STAT_H 1
| #define HAVE_STDLIB_H 1
| #define HAVE_STRING_H 1
| #define HAVE_MEMORY_H 1
| #define HAVE_STRINGS_H 1
| #define HAVE_INTTYPES_H 1
| #define HAVE_STDINT_H 1
| #define HAVE_UNISTD_H 1
| #define HAVE_DLFCN_H 1
| #define SYS_LINUX 1
| #define STDC_HEADERS 1
| #define HAVE_SYS_WAIT_H 1
| #define HAVE_FCNTL_H 1
| #define HAVE_SYS_IOCTL_H 1
| #define HAVE_SYS_TIME_H 1
| #define HAVE_UNISTD_H 1
| #define HAVE_NET_IF_ARP_H 1
| #define HAVE_SYS_SOCKET_H 1
| #define HAVE_LINUX_WIRELESS 1
| #define HAVE_ASM_TYPES_H 1
| #define HAVE_NETLINKHEADERS 1
| /* end confdefs.h.  */
| #include <stdio.h>
| #ifdef HAVE_SYS_TYPES_H
| # include <sys/types.h>
| #endif
| #ifdef HAVE_SYS_STAT_H
| # include <sys/stat.h>
| #endif
| #ifdef STDC_HEADERS
| # include <stdlib.h>
| # include <stddef.h>
| #else
| # ifdef HAVE_STDLIB_H
| #  include <stdlib.h>
| # endif
| #endif
| #ifdef HAVE_STRING_H
| # if !defined STDC_HEADERS && defined HAVE_MEMORY_H
| #  include <memory.h>
| # endif
| # include <string.h>
| #endif
| #ifdef HAVE_STRINGS_H
| # include <strings.h>
| #endif
| #ifdef HAVE_INTTYPES_H
| # include <inttypes.h>
| #endif
| #ifdef HAVE_STDINT_H
| # include <stdint.h>
| #endif
| #ifdef HAVE_UNISTD_H
| # include <unistd.h>
| #endif
| #include <netlink/genl/ctrl.h>
configure:20407: result: no
configure:20411: checking netlink/genl/ctrl.h presence
configure:20426: gcc -E  conftest.c
conftest.c:31:31: fatal error: netlink/genl/ctrl.h: No such file or directory
 #include <netlink/genl/ctrl.h>
                               ^
compilation terminated.
configure:20432: $? = 1
configure: failed program was:
| /* confdefs.h.  */
| #define PACKAGE_NAME ""
| #define PACKAGE_TARNAME ""
| #define PACKAGE_VERSION ""
| #define PACKAGE_STRING ""
| #define PACKAGE_BUGREPORT ""
| #define STDC_HEADERS 1
| #define HAVE_SYS_TYPES_H 1
| #define HAVE_SYS_STAT_H 1
| #define HAVE_STDLIB_H 1
| #define HAVE_STRING_H 1
| #define HAVE_MEMORY_H 1
| #define HAVE_STRINGS_H 1
| #define HAVE_INTTYPES_H 1
| #define HAVE_STDINT_H 1
| #define HAVE_UNISTD_H 1
| #define HAVE_DLFCN_H 1
| #define SYS_LINUX 1
| #define STDC_HEADERS 1
| #define HAVE_SYS_WAIT_H 1
| #define HAVE_FCNTL_H 1
| #define HAVE_SYS_IOCTL_H 1
| #define HAVE_SYS_TIME_H 1
| #define HAVE_UNISTD_H 1
| #define HAVE_NET_IF_ARP_H 1
| #define HAVE_SYS_SOCKET_H 1
| #define HAVE_LINUX_WIRELESS 1
| #define HAVE_ASM_TYPES_H 1
| #define HAVE_NETLINKHEADERS 1
| /* end confdefs.h.  */
| #include <netlink/genl/ctrl.h>
configure:20446: result: no
configure:20474: checking for netlink/genl/ctrl.h
configure:20482: result: no
configure:20370: checking netlink/msg.h usability
configure:20387: gcc -c -g -O2  conftest.c >&5
conftest.c:64:25: fatal error: netlink/msg.h: No such file or directory
 #include <netlink/msg.h>
                         ^
compilation terminated.
configure:20393: $? = 1
configure: failed program was:
| /* confdefs.h.  */
| #define PACKAGE_NAME ""
| #define PACKAGE_TARNAME ""
| #define PACKAGE_VERSION ""
| #define PACKAGE_STRING ""
| #define PACKAGE_BUGREPORT ""
| #define STDC_HEADERS 1
| #define HAVE_SYS_TYPES_H 1
| #define HAVE_SYS_STAT_H 1
| #define HAVE_STDLIB_H 1
| #define HAVE_STRING_H 1
| #define HAVE_MEMORY_H 1
| #define HAVE_STRINGS_H 1
| #define HAVE_INTTYPES_H 1
| #define HAVE_STDINT_H 1
| #define HAVE_UNISTD_H 1
| #define HAVE_DLFCN_H 1
| #define SYS_LINUX 1
| #define STDC_HEADERS 1
| #define HAVE_SYS_WAIT_H 1
| #define HAVE_FCNTL_H 1
| #define HAVE_SYS_IOCTL_H 1
| #define HAVE_SYS_TIME_H 1
| #define HAVE_UNISTD_H 1
| #define HAVE_NET_IF_ARP_H 1
| #define HAVE_SYS_SOCKET_H 1
| #define HAVE_LINUX_WIRELESS 1
| #define HAVE_ASM_TYPES_H 1
| #define HAVE_NETLINKHEADERS 1
| /* end confdefs.h.  */
| #include <stdio.h>
| #ifdef HAVE_SYS_TYPES_H
| # include <sys/types.h>
| #endif
| #ifdef HAVE_SYS_STAT_H
| # include <sys/stat.h>
| #endif
| #ifdef STDC_HEADERS
| # include <stdlib.h>
| # include <stddef.h>
| #else
| # ifdef HAVE_STDLIB_H
| #  include <stdlib.h>
| # endif
| #endif
| #ifdef HAVE_STRING_H
| # if !defined STDC_HEADERS && defined HAVE_MEMORY_H
| #  include <memory.h>
| # endif
| # include <string.h>
| #endif
| #ifdef HAVE_STRINGS_H
| # include <strings.h>
| #endif
| #ifdef HAVE_INTTYPES_H
| # include <inttypes.h>
| #endif
| #ifdef HAVE_STDINT_H
| # include <stdint.h>
| #endif
| #ifdef HAVE_UNISTD_H
| # include <unistd.h>
| #endif
| #include <netlink/msg.h>
configure:20407: result: no
configure:20411: checking netlink/msg.h presence
configure:20426: gcc -E  conftest.c
conftest.c:31:25: fatal error: netlink/msg.h: No such file or directory
 #include <netlink/msg.h>
                         ^
compilation terminated.
configure:20432: $? = 1
configure: failed program was:
| /* confdefs.h.  */
| #define PACKAGE_NAME ""
| #define PACKAGE_TARNAME ""
| #define PACKAGE_VERSION ""
| #define PACKAGE_STRING ""
| #define PACKAGE_BUGREPORT ""
| #define STDC_HEADERS 1
| #define HAVE_SYS_TYPES_H 1
| #define HAVE_SYS_STAT_H 1
| #define HAVE_STDLIB_H 1
| #define HAVE_STRING_H 1
| #define HAVE_MEMORY_H 1
| #define HAVE_STRINGS_H 1
| #define HAVE_INTTYPES_H 1
| #define HAVE_STDINT_H 1
| #define HAVE_UNISTD_H 1
| #define HAVE_DLFCN_H 1
| #define SYS_LINUX 1
| #define STDC_HEADERS 1
| #define HAVE_SYS_WAIT_H 1
| #define HAVE_FCNTL_H 1
| #define HAVE_SYS_IOCTL_H 1
| #define HAVE_SYS_TIME_H 1
| #define HAVE_UNISTD_H 1
| #define HAVE_NET_IF_ARP_H 1
| #define HAVE_SYS_SOCKET_H 1
| #define HAVE_LINUX_WIRELESS 1
| #define HAVE_ASM_TYPES_H 1
| #define HAVE_NETLINKHEADERS 1
| /* end confdefs.h.  */
| #include <netlink/msg.h>
configure:20446: result: no
configure:20474: checking for netlink/msg.h
configure:20482: result: no
configure:20370: checking netlink/attr.h usability
configure:20387: gcc -c -g -O2  conftest.c >&5
conftest.c:64:26: fatal error: netlink/attr.h: No such file or directory
 #include <netlink/attr.h>
                          ^
compilation terminated.
configure:20393: $? = 1
configure: failed program was:
| /* confdefs.h.  */
| #define PACKAGE_NAME ""
| #define PACKAGE_TARNAME ""
| #define PACKAGE_VERSION ""
| #define PACKAGE_STRING ""
| #define PACKAGE_BUGREPORT ""
| #define STDC_HEADERS 1
| #define HAVE_SYS_TYPES_H 1
| #define HAVE_SYS_STAT_H 1
| #define HAVE_STDLIB_H 1
| #define HAVE_STRING_H 1
| #define HAVE_MEMORY_H 1
| #define HAVE_STRINGS_H 1
| #define HAVE_INTTYPES_H 1
| #define HAVE_STDINT_H 1
| #define HAVE_UNISTD_H 1
| #define HAVE_DLFCN_H 1
| #define SYS_LINUX 1
| #define STDC_HEADERS 1
| #define HAVE_SYS_WAIT_H 1
| #define HAVE_FCNTL_H 1
| #define HAVE_SYS_IOCTL_H 1
| #define HAVE_SYS_TIME_H 1
| #define HAVE_UNISTD_H 1
| #define HAVE_NET_IF_ARP_H 1
| #define HAVE_SYS_SOCKET_H 1
| #define HAVE_LINUX_WIRELESS 1
| #define HAVE_ASM_TYPES_H 1
| #define HAVE_NETLINKHEADERS 1
| /* end confdefs.h.  */
| #include <stdio.h>
| #ifdef HAVE_SYS_TYPES_H
| # include <sys/types.h>
| #endif
| #ifdef HAVE_SYS_STAT_H
| # include <sys/stat.h>
| #endif
| #ifdef STDC_HEADERS
| # include <stdlib.h>
| # include <stddef.h>
| #else
| # ifdef HAVE_STDLIB_H
| #  include <stdlib.h>
| # endif
| #endif
| #ifdef HAVE_STRING_H
| # if !defined STDC_HEADERS && defined HAVE_MEMORY_H
| #  include <memory.h>
| # endif
| # include <string.h>
| #endif
| #ifdef HAVE_STRINGS_H
| # include <strings.h>
| #endif
| #ifdef HAVE_INTTYPES_H
| # include <inttypes.h>
| #endif
| #ifdef HAVE_STDINT_H
| # include <stdint.h>
| #endif
| #ifdef HAVE_UNISTD_H
| # include <unistd.h>
| #endif
| #include <netlink/attr.h>
configure:20407: result: no
configure:20411: checking netlink/attr.h presence
configure:20426: gcc -E  conftest.c
conftest.c:31:26: fatal error: netlink/attr.h: No such file or directory
 #include <netlink/attr.h>
                          ^
compilation terminated.
configure:20432: $? = 1
configure: failed program was:
| /* confdefs.h.  */
| #define PACKAGE_NAME ""
| #define PACKAGE_TARNAME ""
| #define PACKAGE_VERSION ""
| #define PACKAGE_STRING ""
| #define PACKAGE_BUGREPORT ""
| #define STDC_HEADERS 1
| #define HAVE_SYS_TYPES_H 1
| #define HAVE_SYS_STAT_H 1
| #define HAVE_STDLIB_H 1
| #define HAVE_STRING_H 1
| #define HAVE_MEMORY_H 1
| #define HAVE_STRINGS_H 1
| #define HAVE_INTTYPES_H 1
| #define HAVE_STDINT_H 1
| #define HAVE_UNISTD_H 1
| #define HAVE_DLFCN_H 1
| #define SYS_LINUX 1
| #define STDC_HEADERS 1
| #define HAVE_SYS_WAIT_H 1
| #define HAVE_FCNTL_H 1
| #define HAVE_SYS_IOCTL_H 1
| #define HAVE_SYS_TIME_H 1
| #define HAVE_UNISTD_H 1
| #define HAVE_NET_IF_ARP_H 1
| #define HAVE_SYS_SOCKET_H 1
| #define HAVE_LINUX_WIRELESS 1
| #define HAVE_ASM_TYPES_H 1
| #define HAVE_NETLINKHEADERS 1
| /* end confdefs.h.  */
| #include <netlink/attr.h>
configure:20446: result: no
configure:20474: checking for netlink/attr.h
configure:20482: result: no
configure:20370: checking linux/nl80211.h usability
configure:20387: gcc -c -g -O2  conftest.c >&5
configure:20393: $? = 0
configure:20407: result: yes
configure:20411: checking linux/nl80211.h presence
configure:20426: gcc -E  conftest.c
configure:20432: $? = 0
configure:20446: result: yes
configure:20474: checking for linux/nl80211.h
configure:20482: result: yes
configure:20370: checking linux/if_arp.h usability
configure:20387: gcc -c -g -O2  conftest.c >&5
In file included from /usr/include/linux/netdevice.h:28:0,
                 from /usr/include/linux/if_arp.h:26,
                 from conftest.c:66:
/usr/include/linux/if.h:185:19: error: field 'ifru_addr' has incomplete type
   struct sockaddr ifru_addr;
                   ^
/usr/include/linux/if.h:186:19: error: field 'ifru_dstaddr' has incomplete type
   struct sockaddr ifru_dstaddr;
                   ^
/usr/include/linux/if.h:187:19: error: field 'ifru_broadaddr' has incomplete type
   struct sockaddr ifru_broadaddr;
                   ^
/usr/include/linux/if.h:188:19: error: field 'ifru_netmask' has incomplete type
   struct sockaddr ifru_netmask;
                   ^
/usr/include/linux/if.h:189:20: error: field 'ifru_hwaddr' has incomplete type
   struct  sockaddr ifru_hwaddr;
                    ^
In file included from conftest.c:66:0:
/usr/include/linux/if_arp.h:113:19: error: field 'arp_pa' has incomplete type
   struct sockaddr arp_pa;  /* protocol address  */
                   ^
/usr/include/linux/if_arp.h:114:19: error: field 'arp_ha' has incomplete type
   struct sockaddr arp_ha;  /* hardware address  */
                   ^
/usr/include/linux/if_arp.h:116:25: error: field 'arp_netmask' has incomplete type
   struct sockaddr       arp_netmask;    /* netmask (only for proxy arps) */
                         ^
/usr/include/linux/if_arp.h:121:19: error: field 'arp_pa' has incomplete type
   struct sockaddr arp_pa;  /* protocol address  */
                   ^
/usr/include/linux/if_arp.h:122:19: error: field 'arp_ha' has incomplete type
   struct sockaddr arp_ha;  /* hardware address  */
                   ^
/usr/include/linux/if_arp.h:124:25: error: field 'arp_netmask' has incomplete type
   struct sockaddr       arp_netmask;    /* netmask (only for proxy arps) */
                         ^
configure:20393: $? = 1
configure: failed program was:
| /* confdefs.h.  */
| #define PACKAGE_NAME ""
| #define PACKAGE_TARNAME ""
| #define PACKAGE_VERSION ""
| #define PACKAGE_STRING ""
| #define PACKAGE_BUGREPORT ""
| #define STDC_HEADERS 1
| #define HAVE_SYS_TYPES_H 1
| #define HAVE_SYS_STAT_H 1
| #define HAVE_STDLIB_H 1
| #define HAVE_STRING_H 1
| #define HAVE_MEMORY_H 1
| #define HAVE_STRINGS_H 1
| #define HAVE_INTTYPES_H 1
| #define HAVE_STDINT_H 1
| #define HAVE_UNISTD_H 1
| #define HAVE_DLFCN_H 1
| #define SYS_LINUX 1
| #define STDC_HEADERS 1
| #define HAVE_SYS_WAIT_H 1
| #define HAVE_FCNTL_H 1
| #define HAVE_SYS_IOCTL_H 1
| #define HAVE_SYS_TIME_H 1
| #define HAVE_UNISTD_H 1
| #define HAVE_NET_IF_ARP_H 1
| #define HAVE_SYS_SOCKET_H 1
| #define HAVE_LINUX_WIRELESS 1
| #define HAVE_ASM_TYPES_H 1
| #define HAVE_NETLINKHEADERS 1
| #define HAVE_LINUX_NL80211_H 1
| #define HAVE_NETLINKHEADERS 1
| /* end confdefs.h.  */
| #include <stdio.h>
| #ifdef HAVE_SYS_TYPES_H
| # include <sys/types.h>
| #endif
| #ifdef HAVE_SYS_STAT_H
| # include <sys/stat.h>
| #endif
| #ifdef STDC_HEADERS
| # include <stdlib.h>
| # include <stddef.h>
| #else
| # ifdef HAVE_STDLIB_H
| #  include <stdlib.h>
| # endif
| #endif
| #ifdef HAVE_STRING_H
| # if !defined STDC_HEADERS && defined HAVE_MEMORY_H
| #  include <memory.h>
| # endif
| # include <string.h>
| #endif
| #ifdef HAVE_STRINGS_H
| # include <strings.h>
| #endif
| #ifdef HAVE_INTTYPES_H
| # include <inttypes.h>
| #endif
| #ifdef HAVE_STDINT_H
| # include <stdint.h>
| #endif
| #ifdef HAVE_UNISTD_H
| # include <unistd.h>
| #endif
| #include <linux/if_arp.h>
configure:20407: result: no
configure:20411: checking linux/if_arp.h presence
configure:20426: gcc -E  conftest.c
configure:20432: $? = 0
configure:20446: result: yes
configure:20459: WARNING: linux/if_arp.h: present but cannot be compiled
configure:20461: WARNING: linux/if_arp.h:     check for missing prerequisite headers?
configure:20463: WARNING: linux/if_arp.h: see the Autoconf documentation
configure:20465: WARNING: linux/if_arp.h:     section "Present But Cannot Be Compiled"
configure:20467: WARNING: linux/if_arp.h: proceeding with the preprocessor's result
configure:20469: WARNING: linux/if_arp.h: in the future, the compiler will take precedence
configure:20474: checking for linux/if_arp.h
configure:20482: result: yes
configure:20370: checking linux/wireless.h usability
configure:20387: gcc -c -g -O2  conftest.c >&5
In file included from /usr/include/linux/wireless.h:74:0,
                 from conftest.c:68:
/usr/include/linux/if.h:185:19: error: field 'ifru_addr' has incomplete type
   struct sockaddr ifru_addr;
                   ^
/usr/include/linux/if.h:186:19: error: field 'ifru_dstaddr' has incomplete type
   struct sockaddr ifru_dstaddr;
                   ^
/usr/include/linux/if.h:187:19: error: field 'ifru_broadaddr' has incomplete type
   struct sockaddr ifru_broadaddr;
                   ^
/usr/include/linux/if.h:188:19: error: field 'ifru_netmask' has incomplete type
   struct sockaddr ifru_netmask;
                   ^
/usr/include/linux/if.h:189:20: error: field 'ifru_hwaddr' has incomplete type
   struct  sockaddr ifru_hwaddr;
                    ^
In file included from conftest.c:68:0:
/usr/include/linux/wireless.h:751:19: error: field 'addr' has incomplete type
  struct sockaddr  addr;  /* Source address (hw/mac) */
                   ^
/usr/include/linux/wireless.h:777:18: error: field 'bssid' has incomplete type
  struct sockaddr bssid; /* ff:ff:ff:ff:ff:ff for broadcast BSSID or
                  ^
/usr/include/linux/wireless.h:835:18: error: field 'addr' has incomplete type
  struct sockaddr addr; /* ff:ff:ff:ff:ff:ff for broadcast/multicast
                  ^
/usr/include/linux/wireless.h:848:18: error: field 'addr' has incomplete type
  struct sockaddr addr;
                  ^
/usr/include/linux/wireless.h:861:18: error: field 'bssid' has incomplete type
  struct sockaddr bssid;
                  ^
/usr/include/linux/wireless.h:869:18: error: field 'src_addr' has incomplete type
  struct sockaddr src_addr;
                  ^
/usr/include/linux/wireless.h:880:18: error: field 'bssid' has incomplete type
  struct sockaddr bssid;
                  ^
/usr/include/linux/wireless.h:934:18: error: field 'ap_addr' has incomplete type
  struct sockaddr ap_addr; /* Access point address */
                  ^
/usr/include/linux/wireless.h:935:18: error: field 'addr' has incomplete type
  struct sockaddr addr;  /* Destination address (hw/mac) */
                  ^
configure:20393: $? = 1
configure: failed program was:
| /* confdefs.h.  */
| #define PACKAGE_NAME ""
| #define PACKAGE_TARNAME ""
| #define PACKAGE_VERSION ""
| #define PACKAGE_STRING ""
| #define PACKAGE_BUGREPORT ""
| #define STDC_HEADERS 1
| #define HAVE_SYS_TYPES_H 1
| #define HAVE_SYS_STAT_H 1
| #define HAVE_STDLIB_H 1
| #define HAVE_STRING_H 1
| #define HAVE_MEMORY_H 1
| #define HAVE_STRINGS_H 1
| #define HAVE_INTTYPES_H 1
| #define HAVE_STDINT_H 1
| #define HAVE_UNISTD_H 1
| #define HAVE_DLFCN_H 1
| #define SYS_LINUX 1
| #define STDC_HEADERS 1
| #define HAVE_SYS_WAIT_H 1
| #define HAVE_FCNTL_H 1
| #define HAVE_SYS_IOCTL_H 1
| #define HAVE_SYS_TIME_H 1
| #define HAVE_UNISTD_H 1
| #define HAVE_NET_IF_ARP_H 1
| #define HAVE_SYS_SOCKET_H 1
| #define HAVE_LINUX_WIRELESS 1
| #define HAVE_ASM_TYPES_H 1
| #define HAVE_NETLINKHEADERS 1
| #define HAVE_LINUX_NL80211_H 1
| #define HAVE_NETLINKHEADERS 1
| #define HAVE_LINUX_IF_ARP_H 1
| #define HAVE_NETLINKHEADERS 1
| /* end confdefs.h.  */
| #include <stdio.h>
| #ifdef HAVE_SYS_TYPES_H
| # include <sys/types.h>
| #endif
| #ifdef HAVE_SYS_STAT_H
| # include <sys/stat.h>
| #endif
| #ifdef STDC_HEADERS
| # include <stdlib.h>
| # include <stddef.h>
| #else
| # ifdef HAVE_STDLIB_H
| #  include <stdlib.h>
| # endif
| #endif
| #ifdef HAVE_STRING_H
| # if !defined STDC_HEADERS && defined HAVE_MEMORY_H
| #  include <memory.h>
| # endif
| # include <string.h>
| #endif
| #ifdef HAVE_STRINGS_H
| # include <strings.h>
| #endif
| #ifdef HAVE_INTTYPES_H
| # include <inttypes.h>
| #endif
| #ifdef HAVE_STDINT_H
| # include <stdint.h>
| #endif
| #ifdef HAVE_UNISTD_H
| # include <unistd.h>
| #endif
| #include <linux/wireless.h>
configure:20407: result: no
configure:20411: checking linux/wireless.h presence
configure:20426: gcc -E  conftest.c
configure:20432: $? = 0
configure:20446: result: yes
configure:20459: WARNING: linux/wireless.h: present but cannot be compiled
configure:20461: WARNING: linux/wireless.h:     check for missing prerequisite headers?
configure:20463: WARNING: linux/wireless.h: see the Autoconf documentation
configure:20465: WARNING: linux/wireless.h:     section "Present But Cannot Be Compiled"
configure:20467: WARNING: linux/wireless.h: proceeding with the preprocessor's result
configure:20469: WARNING: linux/wireless.h: in the future, the compiler will take precedence
configure:20474: checking for linux/wireless.h
configure:20482: result: yes
configure:20575: WARNING: Missing libnl or libnl too old support will not be able to control mac80211 vaps
configure:20641: WARNING: Missing libnl netlink library will not be able to control mac80211 vaps
configure:20655: result: no netlink support for mac80211 will not be able to control mac80211 vaps
configure:20661: checking for pow in -lm
configure:20696: gcc -o conftest -g -O2   conftest.c -lm   >&5
conftest.c:44:6: warning: conflicting types for built-in function 'pow' [enabled by default]
 char pow ();
      ^
configure:20702: $? = 0
configure:20720: result: yes
configure:20842: creating ./config.status

## ---------------------- ##
## Running config.status. ##
## ---------------------- ##

This file was extended by config.status, which was
generated by GNU Autoconf 2.61.  Invocation command line was

  CONFIG_FILES    = 
  CONFIG_HEADERS  = 
  CONFIG_LINKS    = 
  CONFIG_COMMANDS = 
  $ ./config.status 

on usrp3

config.status:615: creating Makefile
config.status:746: WARNING:  Makefile.in seems to ignore the --datarootdir setting
config.status:615: creating config.h
config.status:848: config.h is unchanged

## ---------------- ##
## Cache variables. ##
## ---------------- ##

ac_cv_build=x86_64-unknown-linux-gnu
ac_cv_c_bigendian=no
ac_cv_c_compiler_gnu=yes
ac_cv_cxx_compiler_gnu=no
ac_cv_env_CCC_set=
ac_cv_env_CCC_value=
ac_cv_env_CC_set=
ac_cv_env_CC_value=
ac_cv_env_CFLAGS_set=
ac_cv_env_CFLAGS_value=
ac_cv_env_CPPFLAGS_set=
ac_cv_env_CPPFLAGS_value=
ac_cv_env_CPP_set=
ac_cv_env_CPP_value=
ac_cv_env_CXXCPP_set=
ac_cv_env_CXXCPP_value=
ac_cv_env_CXXFLAGS_set=
ac_cv_env_CXXFLAGS_value=
ac_cv_env_CXX_set=
ac_cv_env_CXX_value=
ac_cv_env_F77_set=
ac_cv_env_F77_value=
ac_cv_env_FFLAGS_set=
ac_cv_env_FFLAGS_value=
ac_cv_env_LDFLAGS_set=
ac_cv_env_LDFLAGS_value=
ac_cv_env_LIBS_set=
ac_cv_env_LIBS_value=
ac_cv_env_build_alias_set=
ac_cv_env_build_alias_value=
ac_cv_env_host_alias_set=
ac_cv_env_host_alias_value=
ac_cv_env_target_alias_set=
ac_cv_env_target_alias_value=
ac_cv_f77_compiler_gnu=no
ac_cv_header_asm_types_h=yes
ac_cv_header_dlfcn_h=yes
ac_cv_header_fcntl_h=yes
ac_cv_header_inttypes_h=yes
ac_cv_header_linux_if_arp_h=yes
ac_cv_header_linux_nl80211_h=yes
ac_cv_header_linux_wireless_h=yes
ac_cv_header_memory_h=yes
ac_cv_header_net_if_arp_h=yes
ac_cv_header_netlink_attr_h=no
ac_cv_header_netlink_genl_ctrl_h=no
ac_cv_header_netlink_genl_family_h=no
ac_cv_header_netlink_genl_genl_h=no
ac_cv_header_netlink_msg_h=no
ac_cv_header_stdc=yes
ac_cv_header_stdint_h=yes
ac_cv_header_stdlib_h=yes
ac_cv_header_string_h=yes
ac_cv_header_strings_h=yes
ac_cv_header_sys_ioctl_h=yes
ac_cv_header_sys_socket_h=yes
ac_cv_header_sys_stat_h=yes
ac_cv_header_sys_time_h=yes
ac_cv_header_sys_types_h=yes
ac_cv_header_sys_wait_h=yes
ac_cv_header_unistd_h=yes
ac_cv_host=x86_64-unknown-linux-gnu
ac_cv_lib_m_pow=yes
ac_cv_objext=o
ac_cv_path_EGREP='/bin/grep -E'
ac_cv_path_GREP=/bin/grep
ac_cv_prog_CPP='gcc -E'
ac_cv_prog_ac_ct_AR=ar
ac_cv_prog_ac_ct_CC=gcc
ac_cv_prog_ac_ct_RANLIB=ranlib
ac_cv_prog_ac_ct_STRIP=strip
ac_cv_prog_cc_c89=
ac_cv_prog_cc_g=yes
ac_cv_prog_cxx_g=no
ac_cv_prog_f77_g=no
lt_cv_deplibs_check_method=pass_all
lt_cv_file_magic_cmd='$MAGIC_CMD'
lt_cv_file_magic_test_file=
lt_cv_ld_reload_flag=-r
lt_cv_objdir=.libs
lt_cv_path_LD=/usr/bin/ld
lt_cv_path_NM='/usr/bin/nm -B'
lt_cv_path_SED=/bin/sed
lt_cv_prog_compiler_c_o=yes
lt_cv_prog_compiler_pic_works=yes
lt_cv_prog_compiler_rtti_exceptions=no
lt_cv_prog_compiler_static_works=yes
lt_cv_prog_gnu_ld=yes
lt_cv_sys_global_symbol_pipe='sed -n -e '\''s/^.*[ 	]\([ABCDGIRSTW][ABCDGIRSTW]*\)[ 	][ 	]*\([_A-Za-z][_A-Za-z0-9]*\)$/\1 \2 \2/p'\'''
lt_cv_sys_global_symbol_to_c_name_address='sed -n -e '\''s/^: \([^ ]*\) $/  {\"\1\", (lt_ptr) 0},/p'\'' -e '\''s/^[BCDEGRST] \([^ ]*\) \([^ ]*\)$/  {"\2", (lt_ptr) \&\2},/p'\'''
lt_cv_sys_global_symbol_to_cdecl='sed -n -e '\''s/^. .* \(.*\)$/extern int \1;/p'\'''
lt_cv_sys_lib_dlsearch_path_spec='/lib /usr/lib /usr/lib/i386-linux-gnu/mesa /lib/i386-linux-gnu /usr/lib/i386-linux-gnu /lib/i686-linux-gnu /usr/lib/i686-linux-gnu /usr/local/lib /lib/x86_64-linux-gnu /usr/lib/x86_64-linux-gnu /usr/lib/x86_64-linux-gnu/mesa-egl /usr/lib/x86_64-linux-gnu/mesa '
lt_cv_sys_lib_search_path_spec='/usr/lib/gcc/x86_64-linux-gnu/4.8 /usr/lib/x86_64-linux-gnu /usr/lib /lib/x86_64-linux-gnu /lib'
lt_cv_sys_max_cmd_len=1572864
lt_lt_cv_prog_compiler_c_o='"yes"'
lt_lt_cv_sys_global_symbol_pipe='"sed -n -e '\''s/^.*[ 	]\\([ABCDGIRSTW][ABCDGIRSTW]*\\)[ 	][ 	]*\\([_A-Za-z][_A-Za-z0-9]*\\)\$/\\1 \\2 \\2/p'\''"'
lt_lt_cv_sys_global_symbol_to_c_name_address='"sed -n -e '\''s/^: \\([^ ]*\\) \$/  {\\\"\\1\\\", (lt_ptr) 0},/p'\'' -e '\''s/^[BCDEGRST] \\([^ ]*\\) \\([^ ]*\\)\$/  {\"\\2\", (lt_ptr) \\&\\2},/p'\''"'
lt_lt_cv_sys_global_symbol_to_cdecl='"sed -n -e '\''s/^. .* \\(.*\\)\$/extern int \\1;/p'\''"'

## ----------------- ##
## Output variables. ##
## ----------------- ##

AR='ar'
CC='gcc'
CFLAGS=' -DHAVE_CONFIG_H -g -O2'
CPP='gcc -E'
CPPFLAGS=''
CXX='g++'
CXXCPP=''
CXXFLAGS=''
DEFS='-DHAVE_CONFIG_H'
DSYMUTIL=''
ECHO='echo'
ECHO_C=''
ECHO_N='-n'
ECHO_T=''
EGREP='/bin/grep -E'
EXEEXT=''
F77=''
FFLAGS=''
GREP='/bin/grep'
LDFLAGS=''
LIBOBJS=''
LIBS=' -lm'
LIBTOOL='$(SHELL) $(top_builddir)/libtool'
LN_S='ln -s'
LTLIBOBJS=''
NMEDIT=''
OBJEXT='o'
PACKAGE_BUGREPORT=''
PACKAGE_NAME=''
PACKAGE_STRING=''
PACKAGE_TARNAME=''
PACKAGE_VERSION=''
PATH_SEPARATOR=':'
RANLIB='ranlib'
SED='/bin/sed'
SHELL='/bin/bash'
STRIP='strip'
ac_ct_CC='gcc'
ac_ct_CXX=''
ac_ct_F77=''
bindir='${exec_prefix}/bin'
build='x86_64-unknown-linux-gnu'
build_alias=''
build_cpu='x86_64'
build_os='linux-gnu'
build_vendor='unknown'
datadir='${datarootdir}'
datarootdir='${prefix}/share'
docdir='${datarootdir}/doc/${PACKAGE}'
dvidir='${docdir}'
exec_prefix='${prefix}'
host='x86_64-unknown-linux-gnu'
host_alias=''
host_cpu='x86_64'
host_os='linux-gnu'
host_vendor='unknown'
htmldir='${docdir}'
includedir='${prefix}/include'
infodir='${datarootdir}/info'
libdir='${exec_prefix}/lib'
libexecdir='${exec_prefix}/libexec'
localedir='${datarootdir}/locale'
localstatedir='${prefix}/var'
mandir='${datarootdir}/man'
oldincludedir='/usr/include'
pdfdir='${docdir}'
prefix='/usr/local'
program_transform_name='s,x,x,'
psdir='${docdir}'
sbindir='${exec_prefix}/sbin'
sharedstatedir='${prefix}/com'
sysconfdir='${prefix}/etc'
target_alias=''

## ----------- ##
## confdefs.h. ##
## ----------- ##

#define PACKAGE_NAME ""
#define PACKAGE_TARNAME ""
#define PACKAGE_VERSION ""
#define PACKAGE_STRING ""
#define PACKAGE_BUGREPORT ""
#define STDC_HEADERS 1
#define HAVE_SYS_TYPES_H 1
#define HAVE_SYS_STAT_H 1
#define HAVE_STDLIB_H 1
#define HAVE_STRING_H 1
#define HAVE_MEMORY_H 1
#define HAVE_STRINGS_H 1
#define HAVE_INTTYPES_H 1
#define HAVE_STDINT_H 1
#define HAVE_UNISTD_H 1
#define HAVE_DLFCN_H 1
#define SYS_LINUX 1
#define STDC_HEADERS 1
#define HAVE_SYS_WAIT_H 1
#define HAVE_FCNTL_H 1
#define HAVE_SYS_IOCTL_H 1
#define HAVE_SYS_TIME_H 1
#define HAVE_UNISTD_H 1
#define HAVE_NET_IF_ARP_H 1
#define HAVE_SYS_SOCKET_H 1
#define HAVE_LINUX_WIRELESS 1
#define HAVE_ASM_TYPES_H 1
#define HAVE_NETLINKHEADERS 1
#define HAVE_LINUX_NL80211_H 1
#define HAVE_NETLINKHEADERS 1
#define HAVE_LINUX_IF_ARP_H 1
#define HAVE_NETLINKHEADERS 1
#define HAVE_LINUX_WIRELESS_H 1
#define HAVE_NETLINKHEADERS 1
#define HAVE_LIBM 1

configure: exit 0
